proguard/seeds.txt
com.android.ZhitongCall.About
com.android.ZhitongCall.About: About()
com.android.ZhitongCall.About: void mback(android.view.View)
com.android.ZhitongCall.Call
com.android.ZhitongCall.Call: Call()
com.android.ZhitongCall.Call: void malltime(android.view.View)
com.android.ZhitongCall.Call: void mpay(android.view.View)
com.android.ZhitongCall.Call: void mpass(android.view.View)
com.android.ZhitongCall.Call: void mcall1(android.view.View)
com.android.ZhitongCall.Call: void mcall2(android.view.View)
com.android.ZhitongCall.Call: void mcall3(android.view.View)
com.android.ZhitongCall.Call: void mcall4(android.view.View)
com.android.ZhitongCall.Call: void mcall5(android.view.View)
com.android.ZhitongCall.Fpass
com.android.ZhitongCall.Fpass: Fpass()
com.android.ZhitongCall.Fpass: void fpassyzmoks(android.view.View)
com.android.ZhitongCall.Fpass: void fpassoks(android.view.View)
com.android.ZhitongCall.Fpass: void mback(android.view.View)
com.android.ZhitongCall.MainActivity
com.android.ZhitongCall.MainActivity: MainActivity()
com.android.ZhitongCall.Msg
com.android.ZhitongCall.Msg: Msg()
com.android.ZhitongCall.Msg: void mback(android.view.View)
com.android.ZhitongCall.Msg: void mcall1(android.view.View)
com.android.ZhitongCall.Msg: void mcall2(android.view.View)
com.android.ZhitongCall.Msg: void mcall3(android.view.View)
com.android.ZhitongCall.Msg: void mcall4(android.view.View)
com.android.ZhitongCall.Msg: void mcall5(android.view.View)
com.android.ZhitongCall.Msg: void mpay(java.lang.String,java.lang.String)
com.android.ZhitongCall.Myxf
com.android.ZhitongCall.Myxf: Myxf()
com.android.ZhitongCall.Myxf: void login_btns(android.view.View)
com.android.ZhitongCall.Myxf: void login_reg_btns(android.view.View)
com.android.ZhitongCall.Myxf: void fpass(android.view.View)
com.android.ZhitongCall.Order
com.android.ZhitongCall.Order: Order()
com.android.ZhitongCall.Order: void mback(android.view.View)
com.android.ZhitongCall.Order: void mcall1(android.view.View)
com.android.ZhitongCall.Order: void mcall2(android.view.View)
com.android.ZhitongCall.Order: void mcall3(android.view.View)
com.android.ZhitongCall.Order: void mcall4(android.view.View)
com.android.ZhitongCall.Order: void mcall5(android.view.View)
com.android.ZhitongCall.Other
com.android.ZhitongCall.Other: Other()
com.android.ZhitongCall.Other: void mback(android.view.View)
com.android.ZhitongCall.Other: void mpass(android.view.View)
com.android.ZhitongCall.Other: void mpay(android.view.View)
com.android.ZhitongCall.Other: void mabout(android.view.View)
com.android.ZhitongCall.Other: void mexit(android.view.View)
com.android.ZhitongCall.Other: void mhelp(android.view.View)
com.android.ZhitongCall.Other: void mbook(android.view.View)
com.android.ZhitongCall.Other: void mupdate(android.view.View)
com.android.ZhitongCall.Pass
com.android.ZhitongCall.Pass: Pass()
com.android.ZhitongCall.Pass: void mback(android.view.View)
com.android.ZhitongCall.Pass: void merr(android.view.View)
com.android.ZhitongCall.Pass: void mok(android.view.View)
com.android.ZhitongCall.Txl
com.android.ZhitongCall.Txl: Txl()
com.android.ZhitongCall.Txl: void mgetcall(android.view.View)
com.android.ZhitongCall.Txl: void mback(android.view.View)
com.android.ZhitongCall.Txl: void mcall1(android.view.View)
com.android.ZhitongCall.Txl: void mcall2(android.view.View)
com.android.ZhitongCall.Txl: void mcall3(android.view.View)
com.android.ZhitongCall.Txl: void mcall4(android.view.View)
com.android.ZhitongCall.Txl: void mcall5(android.view.View)
...
android.support.v4.app.BackStackState
android.support.v4.app.BackStackState: android.os.Parcelable$Creator CREATOR
android.support.v4.app.Fragment$SavedState
android.support.v4.app.Fragment$SavedState: android.os.Parcelable$Creator CREATOR
android.support.v4.app.FragmentActivity
android.support.v4.app.FragmentManagerState
android.support.v4.app.FragmentManagerState: android.os.Parcelable$Creator CREATOR
android.support.v4.app.FragmentState
android.support.v4.app.FragmentState: android.os.Parcelable$Creator CREATOR
android.support.v4.content.ModernAsyncTask$Status: android.support.v4.content.ModernAsyncTask$Status[] values()
android.support.v4.content.ModernAsyncTask$Status: android.support.v4.content.ModernAsyncTask$Status valueOf(java.lang.String)
android.support.v4.view.PagerTabStrip
android.support.v4.view.PagerTabStrip: PagerTabStrip(android.content.Context,android.util.AttributeSet)
android.support.v4.view.PagerTitleStrip
android.support.v4.view.PagerTitleStrip: PagerTitleStrip(android.content.Context,android.util.AttributeSet)
android.support.v4.view.ViewPager
android.support.v4.view.ViewPager: ViewPager(android.content.Context,android.util.AttributeSet)
android.support.v4.view.ViewPager$LayoutParams
android.support.v4.view.ViewPager$LayoutParams: ViewPager$LayoutParams(android.content.Context,android.util.AttributeSet)
android.support.v4.view.ViewPager$SavedState
android.support.v4.view.ViewPager$SavedState: android.os.Parcelable$Creator CREATOR
com.alipay.android.app.sdk.ResultStatus: com.alipay.android.app.sdk.ResultStatus[] values()
com.alipay.android.app.sdk.ResultStatus: com.alipay.android.app.sdk.ResultStatus valueOf(java.lang.String)
com.alipay.android.app.sdk.WapPayActivity
com.alipay.android.app.util.NetConnectionType: com.alipay.android.app.util.NetConnectionType[] values()
com.alipay.android.app.util.NetConnectionType: com.alipay.android.app.util.NetConnectionType valueOf(java.lang.String)