proguard/mapping.txt
com.android.ZhitongCall.About -> com.android.ZhitongCall.About:
    void onCreate(android.os.Bundle) -> onCreate
    void mback(android.view.View) -> mback
com.android.ZhitongCall.Call -> com.android.ZhitongCall.Call:
    android.content.Context mContext -> a
    android.os.Handler handler -> b
    void onCreate(android.os.Bundle) -> onCreate
    void callback(java.lang.String) -> a
    void malltime(android.view.View) -> malltime
    boolean onKeyDown(int,android.view.KeyEvent) -> onKeyDown
    void mpay(android.view.View) -> mpay
    void mpass(android.view.View) -> mpass
    void mcall1(android.view.View) -> mcall1
    void mcall2(android.view.View) -> mcall2
    void mcall3(android.view.View) -> mcall3
    void mcall4(android.view.View) -> mcall4
    void mcall5(android.view.View) -> mcall5
    android.os.Handler access$0(com.android.ZhitongCall.Call) -> a
    android.content.Context access$1() -> a
com.android.ZhitongCall.Call$1 -> com.android.ZhitongCall.a:
    com.android.ZhitongCall.Call this$0 -> a
    void handleMessage(android.os.Message) -> handleMessage
com.android.ZhitongCall.Call$2 -> com.android.ZhitongCall.b:
    com.android.ZhitongCall.Call this$0 -> a
    void onClick(android.content.DialogInterface,int) -> onClick
com.android.ZhitongCall.Call$3 -> com.android.ZhitongCall.c:
    com.android.ZhitongCall.Call this$0 -> a
    java.lang.String val$url -> b
    void run() -> run
com.android.ZhitongCall.Call$4 -> com.android.ZhitongCall.d:
    com.android.ZhitongCall.Call this$0 -> a
    void onClick(android.content.DialogInterface,int) -> onClick
com.android.ZhitongCall.Call$5 -> com.android.ZhitongCall.e:
    com.android.ZhitongCall.Call this$0 -> a
    void onClick(android.content.DialogInterface,int) -> onClick
com.android.ZhitongCall.Call$6 -> com.android.ZhitongCall.f:
    com.android.ZhitongCall.Call this$0 -> a
    void onClick(android.content.DialogInterface,int) -> onClick
com.android.ZhitongCall.Fpass -> com.android.ZhitongCall.Fpass:
    android.content.Context mContext -> a
    android.os.Handler handler -> b
    android.os.Handler handlers -> c
    void onCreate(android.os.Bundle) -> onCreate
    void fpassyzmoks(android.view.View) -> fpassyzmoks
    void callback(java.lang.String) -> a
    void callbacks(java.lang.String) -> b
    void fpassoks(android.view.View) -> fpassoks
    void mback(android.view.View) -> mback
    android.os.Handler access$0(com.android.ZhitongCall.Fpass) -> a
    android.os.Handler access$1(com.android.ZhitongCall.Fpass) -> b
com.android.ZhitongCall.Fpass$1 -> com.android.ZhitongCall.g:
    com.android.ZhitongCall.Fpass this$0 -> a
    void handleMessage(android.os.Message) -> handleMessage
com.android.ZhitongCall.Fpass$2 -> com.android.ZhitongCall.h:
    com.android.ZhitongCall.Fpass this$0 -> a
    void handleMessage(android.os.Message) -> handleMessage
com.android.ZhitongCall.Fpass$3 -> com.android.ZhitongCall.i:
    com.android.ZhitongCall.Fpass this$0 -> a
    java.lang.String val$url -> b
    android.app.ProgressDialog val$pd -> c
    void run() -> run
com.android.ZhitongCall.Fpass$4 -> com.android.ZhitongCall.j:
    com.android.ZhitongCall.Fpass this$0 -> a
    java.lang.String val$url -> b
    android.app.ProgressDialog val$pd -> c
    void run() -> run
com.android.ZhitongCall.Fpass$5 -> com.android.ZhitongCall.k:
    com.android.ZhitongCall.Fpass this$0 -> a
    void onClick(android.content.DialogInterface,int) -> onClick
com.android.ZhitongCall.MainActivity -> com.android.ZhitongCall.MainActivity:
    java.lang.String[] PHONES_PROJECTION -> b
    android.database.Cursor phoneCursor -> a
    void onCreate(android.os.Bundle) -> onCreate
com.android.ZhitongCall.MainActivity$1 -> com.android.ZhitongCall.l:
    com.android.ZhitongCall.MainActivity this$0 -> a
    void run() -> run
...
android.support.v4.app.FragmentActivity$NonConfigurationInstances -> android.support.v4.app.h:
    java.lang.Object activity -> a
    java.lang.Object custom -> b
    java.util.HashMap children -> c
    java.util.ArrayList fragments -> d
    android.support.v4.util.SparseArrayCompat loaders -> e
android.support.v4.app.FragmentManager -> android.support.v4.app.i:
android.support.v4.app.FragmentManagerImpl -> android.support.v4.app.j:
    boolean DEBUG -> a
    boolean HONEYCOMB -> b
    java.util.ArrayList mPendingActions -> c
    java.lang.Runnable[] mTmpActions -> d
    boolean mExecutingActions -> e
    java.util.ArrayList mActive -> f
    java.util.ArrayList mAdded -> g
    java.util.ArrayList mAvailIndices -> h
    java.util.ArrayList mBackStack -> i
    java.util.ArrayList mCreatedMenus -> j
    java.util.ArrayList mBackStackIndices -> k
    java.util.ArrayList mAvailBackStackIndices -> l
    java.util.ArrayList mBackStackChangeListeners -> m
    int mCurState -> n
    android.support.v4.app.FragmentActivity mActivity -> o
    boolean mNeedMenuInvalidate -> p
    boolean mStateSaved -> q
    boolean mDestroyed -> r
    java.lang.String mNoTransactionsBecause -> s
    boolean mHavePendingDeferredStart -> t
    android.os.Bundle mStateBundle -> u
    android.util.SparseArray mStateArray -> v
    java.lang.Runnable mExecCommit -> w
    android.view.animation.Interpolator DECELERATE_QUINT -> x
    android.view.animation.Interpolator DECELERATE_CUBIC -> y
    android.view.animation.Interpolator ACCELERATE_QUINT -> z
    android.view.animation.Interpolator ACCELERATE_CUBIC -> A
    boolean popBackStackImmediate() -> a
    java.lang.String toString() -> toString
    void dump$ec96877(java.lang.String,java.io.FileDescriptor,java.io.PrintWriter) -> a
android.support.v4.app.FragmentManagerImpl$1 -> android.support.v4.app.k:
    android.support.v4.app.FragmentManagerImpl this$0 -> a
    void run() -> run
android.support.v4.app.FragmentManagerImpl$5 -> android.support.v4.app.l:
    android.support.v4.app.Fragment val$fragment -> a
    android.support.v4.app.FragmentManagerImpl this$0 -> b
    void onAnimationEnd(android.view.animation.Animation) -> onAnimationEnd
    void onAnimationRepeat(android.view.animation.Animation) -> onAnimationRepeat
    void onAnimationStart(android.view.animation.Animation) -> onAnimationStart
android.support.v4.app.FragmentManagerState -> android.support.v4.app.FragmentManagerState:
    android.support.v4.app.FragmentState[] mActive -> a
    int[] mAdded -> b
    android.support.v4.app.BackStackState[] mBackStack -> c
    android.os.Parcelable$Creator CREATOR -> CREATOR
    int describeContents() -> describeContents
    void writeToParcel(android.os.Parcel,int) -> writeToParcel
android.support.v4.app.FragmentManagerState$1 -> android.support.v4.app.m:
    java.lang.Object[] newArray(int) -> newArray
    java.lang.Object createFromParcel(android.os.Parcel) -> createFromParcel
android.support.v4.app.FragmentState -> android.support.v4.app.FragmentState:
    java.lang.String mClassName -> a
    int mIndex -> b
    boolean mFromLayout -> c
    int mFragmentId -> d
    int mContainerId -> e
    java.lang.String mTag -> f
    boolean mRetainInstance -> g
    boolean mDetached -> h
    android.os.Bundle mArguments -> i
    android.os.Bundle mSavedFragmentState -> j
    android.support.v4.app.Fragment mInstance -> k
    android.os.Parcelable$Creator CREATOR -> CREATOR
    android.support.v4.app.Fragment instantiate(android.support.v4.app.FragmentActivity) -> a
    int describeContents() -> describeContents
    void writeToParcel(android.os.Parcel,int) -> writeToParcel
android.support.v4.app.FragmentState$1 -> android.support.v4.app.n:
    java.lang.Object[] newArray(int) -> newArray
    java.lang.Object createFromParcel(android.os.Parcel) -> createFromParcel
android.support.v4.app.FragmentTransaction -> android.support.v4.app.o: